  Решение.c
C:\Users\ПК\source\repos\Owolon\10\Лабораторная10\Решение.c(66,2): warning C4033: "area_tringle" должен возвращать значение
C:\Users\ПК\source\repos\Owolon\10\Лабораторная10\Решение.c(112,12): warning C4244: инициализация: преобразование "double" в "int", возможна потеря данных
C:\Users\ПК\source\repos\Owolon\10\Лабораторная10\Решение.c(113,12): warning C4244: инициализация: преобразование "double" в "int", возможна потеря данных
C:\Users\ПК\source\repos\Owolon\10\Лабораторная10\Решение.c(160,11): warning C4473: "scanf_s": передано недостаточно аргументов для строки формата
      C:\Users\ПК\source\repos\Owolon\10\Лабораторная10\Решение.c(160,11):
      заполнители и их параметры ожидают переменное число аргументов в количестве 2, но было предоставлено 1
      C:\Users\ПК\source\repos\Owolon\10\Лабораторная10\Решение.c(160,11):
      отсутствующий вариативный аргумент "2" требуется для строки форматирования "%c"
      C:\Users\ПК\source\repos\Owolon\10\Лабораторная10\Решение.c(160,11):
      этот аргумент используется в качестве размера буфера
  
C:\Users\ПК\source\repos\Owolon\10\Лабораторная10\Решение.c(162,11): warning C4476: "scanf_s": неизвестный символ поля типа "\xd1" в описателе формата
C:\Users\ПК\source\repos\Owolon\10\Лабораторная10\Решение.c(162,19): warning C4474: "scanf_s" : для строки формата передано слишком много аргументов
      C:\Users\ПК\source\repos\Owolon\10\Лабораторная10\Решение.c(162,19):
      заполнители и их параметры ожидают переменное число аргументов в количестве 0, но было предоставлено 1
  
C:\Users\ПК\source\repos\Owolon\10\Лабораторная10\Решение.c(187,11): warning C4473: "scanf_s": передано недостаточно аргументов для строки формата
      C:\Users\ПК\source\repos\Owolon\10\Лабораторная10\Решение.c(187,11):
      заполнители и их параметры ожидают переменное число аргументов в количестве 2, но было предоставлено 1
      C:\Users\ПК\source\repos\Owolon\10\Лабораторная10\Решение.c(187,11):
      отсутствующий вариативный аргумент "2" требуется для строки форматирования "%c"
      C:\Users\ПК\source\repos\Owolon\10\Лабораторная10\Решение.c(187,11):
      этот аргумент используется в качестве размера буфера
  
C:\Users\ПК\source\repos\Owolon\10\Лабораторная10\Решение.c(67,1): warning C4716: area_tringle: должна возвращать значение
  Лабораторная10.vcxproj -> C:\Users\ПК\source\repos\Owolon\10\Лабораторная10\x64\Debug\Лабораторная10.exe
